2025-02-27 19:37:15:3715 - [31merror[39m: [31mquerySrv ENOTFOUND _mongodb._tcp.cluser0.mzo8r.mongodb.net[39m
2025-02-27 20:24:56:2456 - [31merror[39m: [31mErro no sistema: Cannot read properties of undefined (reading 'create')[39m
2025-02-28 22:58:58:5858 - [31merror[39m: [31mCould not connect to any servers in your MongoDB Atlas cluster. One common reason is that you're trying to access the database from an IP that isn't whitelisted. Make sure your current IP address is on your Atlas cluster's IP whitelist: https://www.mongodb.com/docs/atlas/security-whitelist/[39m
2025-02-28 22:59:05:595 - [31merror[39m: [31mErro no sistema: Operation `movies.insertOne()` buffering timed out after 10000ms[39m
2025-02-28 22:59:55:5955 - [31merror[39m: [31mCould not connect to any servers in your MongoDB Atlas cluster. One common reason is that you're trying to access the database from an IP that isn't whitelisted. Make sure your current IP address is on your Atlas cluster's IP whitelist: https://www.mongodb.com/docs/atlas/security-whitelist/[39m
2025-02-28 23:01:16:116 - [31merror[39m: [31mCould not connect to any servers in your MongoDB Atlas cluster. One common reason is that you're trying to access the database from an IP that isn't whitelisted. Make sure your current IP address is on your Atlas cluster's IP whitelist: https://www.mongodb.com/docs/atlas/security-whitelist/[39m
2025-02-28 23:25:54:2554 - [31merror[39m: [31mErro no sistema: Cast to ObjectId failed for value ":id" (type string) at path "_id" for model "Movie"[39m
2025-02-28 23:41:44:4144 - [31merror[39m: [31mErro no sistema: Cast to ObjectId failed for value ":id" (type string) at path "_id" for model "Movie"[39m
2025-02-28 23:43:17:4317 - [31merror[39m: [31mErro no sistema: Cast to ObjectId failed for value ":id" (type string) at path "_id" for model "Movie"[39m
2025-02-28 23:44:09:449 - [31merror[39m: [31mErro no sistema: Cannot set headers after they are sent to the client[39m
2025-02-28 23:47:09:479 - [31merror[39m: [31mErro no sistema: Cannot set headers after they are sent to the client[39m
2025-03-01 12:08:00:80 - [31merror[39m: [31mErro no sistema: Cast to ObjectId failed for value "[object Object]" (type string) at path "_id" for model "Movie"[39m
2025-03-01 12:08:09:89 - [31merror[39m: [31mErro no sistema: Cast to ObjectId failed for value "[object Object]" (type string) at path "_id" for model "Movie"[39m
2025-03-01 12:08:29:829 - [31merror[39m: [31mErro no sistema: Cast to ObjectId failed for value "[object Object]" (type string) at path "_id" for model "Movie"[39m
2025-03-01 12:08:51:851 - [31merror[39m: [31mErro no sistema: Cast to ObjectId failed for value "[object Object]" (type string) at path "_id" for model "Movie"[39m
2025-03-01 12:09:11:911 - [31merror[39m: [31mErro no sistema: Cast to ObjectId failed for value "[object Object]" (type string) at path "_id" for model "Movie"[39m
2025-03-01 12:19:22:1922 - [31merror[39m: [31mErro no sistema: Cast to ObjectId failed for value "[object Object]" (type string) at path "_id" for model "Movie"[39m
2025-03-01 12:23:46:2346 - [31merror[39m: [31mErro no sistema: Cast to ObjectId failed for value "[object Object]" (type string) at path "_id" for model "Movie"[39m
2025-03-01 12:24:44:2444 - [31merror[39m: [31mErro no sistema: Cast to ObjectId failed for value "[object Object]" (type string) at path "_id" for model "Movie"[39m
2025-03-01 12:24:46:2446 - [31merror[39m: [31mErro no sistema: Cast to ObjectId failed for value "[object Object]" (type string) at path "_id" for model "Movie"[39m
2025-03-01 12:30:46:3046 - [31merror[39m: [31mErro no sistema: Cast to ObjectId failed for value "[object Object]" (type string) at path "_id" for model "Movie"[39m
2025-03-01 12:35:08:358 - [31merror[39m: [31mErro no sistema: Cast to ObjectId failed for value "67c322c1c1d2c31a1ea4a09" (type string) at path "_id" for model "Movie"[39m
2025-03-01 12:35:20:3520 - [31merror[39m: [31mErro no sistema: Cast to ObjectId failed for value "67c322c1c1d2c31a1ea4a09" (type string) at path "_id" for model "Movie"[39m
2025-03-01 12:39:58:3958 - [31merror[39m: [31mErro no sistema: Cast to ObjectId failed for value "askdç" (type string) at path "_id" for model "Movie"[39m
2025-03-02 17:11:05:115 - [31merror[39m: [31mErro no sistema: Cannot set headers after they are sent to the client[39m
2025-03-02 17:23:31:2331 - [31merror[39m: [31mErro no sistema: Cannot set headers after they are sent to the client[39m
2025-03-02 17:27:11:2711 - [31merror[39m: [31mErro no sistema: Cannot set headers after they are sent to the client[39m
2025-03-02 21:33:02:332 - [31merror[39m: [31mErro no sistema: Cast to ObjectId failed for value "[object Object]" (type string) at path "_id" for model "Movie"[39m
2025-03-02 21:41:26:4126 - [31merror[39m: [31mErro no sistema: Cannot read properties of undefined (reading 'push')[39m
2025-03-02 21:41:57:4157 - [31merror[39m: [31mErro no sistema: Cannot read properties of undefined (reading 'push')[39m
2025-03-02 21:42:05:425 - [31merror[39m: [31mErro no sistema: Cannot read properties of undefined (reading 'push')[39m
2025-03-02 21:42:06:426 - [31merror[39m: [31mErro no sistema: Cannot read properties of undefined (reading 'push')[39m
2025-03-02 21:42:07:427 - [31merror[39m: [31mErro no sistema: Cannot read properties of undefined (reading 'push')[39m
2025-03-02 21:42:07:427 - [31merror[39m: [31mErro no sistema: Cannot read properties of undefined (reading 'push')[39m
2025-03-02 21:42:16:4216 - [31merror[39m: [31mErro no sistema: Cannot read properties of undefined (reading 'push')[39m
